2023-05-17 16:50:11 INFO  EmployeeController:33 - Entring in getEmployees() of EmployeeController
2023-05-17 16:50:12 INFO  EmployeeController:38 - Existing from getEmployees() of EmployeeController
2023-05-17 16:50:19 INFO  EmployeeController:44 - Entring in getemployee() of EmployeeController
2023-05-17 16:50:19 INFO  EmployeeController:49 - Existing from getemployee() of EmployeeController
2023-05-18 10:09:21 INFO  EmployeeController:33 - Entring in getEmployees() of EmployeeController
2023-05-18 10:09:29 INFO  EmployeeController:44 - Entring in getemployee() of EmployeeController
2023-05-18 10:27:37 INFO  EmployeeController:33 - Entring in getEmployees() of EmployeeController
2023-05-18 10:31:29 INFO  DepartmentController:28 - Entring in saveEmployee() of DepartmentController
2023-05-18 10:31:29 INFO  DepartmentController:32 - Existing from saveEmployee() of EmployeeController
2023-05-18 10:38:21 INFO  DepartmentController:28 - Entring in saveEmployee() of DepartmentController
2023-05-18 11:05:05 INFO  DepartmentController:28 - Entring in saveEmployee() of DepartmentController
2023-05-18 11:05:06 INFO  DepartmentController:32 - Existing from saveEmployee() of EmployeeController
2023-05-18 11:13:27 INFO  DepartmentController:43 - Entring in getDepartments() of DepartmentController
2023-05-18 11:13:28 INFO  DepartmentController:48 - Existing from getDepartments() of DepartmentController
2023-05-18 11:14:15 INFO  DepartmentController:43 - Entring in getDepartments() of DepartmentController
2023-05-18 11:14:56 INFO  DepartmentController:48 - Existing from getDepartments() of DepartmentController
2023-05-18 11:15:43 INFO  DepartmentController:43 - Entring in getDepartments() of DepartmentController
2023-05-18 11:15:45 INFO  DepartmentController:48 - Existing from getDepartments() of DepartmentController
2023-05-18 11:19:31 INFO  DepartmentController:43 - Entring in getDepartments() of DepartmentController
2023-05-18 11:19:31 INFO  DepartmentController:48 - Existing from getDepartments() of DepartmentController
2023-05-18 11:21:29 INFO  DepartmentController:43 - Entring in getDepartments() of DepartmentController
2023-05-18 11:21:30 INFO  DepartmentController:48 - Existing from getDepartments() of DepartmentController
2023-05-18 11:23:21 INFO  DepartmentController:43 - Entring in getDepartments() of DepartmentController
2023-05-18 11:23:21 INFO  DepartmentController:48 - Existing from getDepartments() of DepartmentController
2023-05-18 11:23:25 INFO  DepartmentController:43 - Entring in getDepartments() of DepartmentController
2023-05-18 11:23:25 INFO  DepartmentController:48 - Existing from getDepartments() of DepartmentController
2023-05-18 11:36:23 INFO  DepartmentController:30 - Entring in saveEmployee() of DepartmentController
2023-05-18 11:36:23 INFO  DepartmentController:34 - Existing from saveEmployee() of EmployeeController
2023-05-18 11:36:51 INFO  DepartmentController:43 - Entring in getDepartments() of DepartmentController
2023-05-18 11:36:51 INFO  DepartmentController:48 - Existing from getDepartments() of DepartmentController
2023-05-18 11:57:22 INFO  DepartmentController:43 - Entring in getDepartments() of DepartmentController
2023-05-18 11:57:22 INFO  DepartmentController:48 - Existing from getDepartments() of DepartmentController
2023-05-18 12:08:03 INFO  DepartmentController:43 - Entring in getDepartments() of DepartmentController
2023-05-18 12:09:14 INFO  DepartmentController:48 - Existing from getDepartments() of DepartmentController
2023-05-18 12:11:22 INFO  DepartmentController:43 - Entring in getDepartments() of DepartmentController
2023-05-18 12:11:22 INFO  DepartmentController:48 - Existing from getDepartments() of DepartmentController
2023-05-18 13:34:34 INFO  DepartmentController:43 - Entring in getDepartments() of DepartmentController
2023-05-18 13:34:34 INFO  DepartmentController:48 - Existing from getDepartments() of DepartmentController
2023-05-18 14:34:11 INFO  DepartmentController:30 - Entring in saveEmployee() of DepartmentController
2023-05-18 14:34:11 INFO  DepartmentController:34 - Existing from saveEmployee() of EmployeeController
2023-05-18 14:34:19 INFO  DepartmentController:43 - Entring in getDepartments() of DepartmentController
2023-05-18 14:34:19 INFO  DepartmentController:48 - Existing from getDepartments() of DepartmentController
2023-05-18 14:39:52 INFO  DepartmentController:43 - Entring in getDepartments() of DepartmentController
2023-05-18 14:39:53 INFO  DepartmentController:48 - Existing from getDepartments() of DepartmentController
2023-05-18 14:45:05 INFO  DepartmentController:30 - Entring in saveEmployee() of DepartmentController
2023-05-18 14:45:06 INFO  DepartmentController:34 - Existing from saveEmployee() of EmployeeController
2023-05-18 14:45:20 INFO  DepartmentController:30 - Entring in saveEmployee() of DepartmentController
2023-05-18 14:45:20 INFO  DepartmentController:34 - Existing from saveEmployee() of EmployeeController
2023-05-18 14:45:51 INFO  DepartmentController:43 - Entring in getDepartments() of DepartmentController
2023-05-18 14:45:51 INFO  DepartmentController:48 - Existing from getDepartments() of DepartmentController
2023-05-18 15:04:06 INFO  DepartmentController:30 - Entring in saveEmployee() of DepartmentController
2023-05-18 15:04:21 INFO  DepartmentController:34 - Existing from saveEmployee() of EmployeeController
2023-05-18 15:04:36 INFO  DepartmentController:43 - Entring in getDepartments() of DepartmentController
2023-05-18 15:04:36 INFO  DepartmentController:48 - Existing from getDepartments() of DepartmentController
2023-05-18 15:05:21 INFO  EmployeeController:56 - Entring in saveEmployee() of EmployeeController
2023-05-18 15:14:11 INFO  EmployeeController:56 - Entring in saveEmployee() of EmployeeController
2023-05-18 15:30:44 INFO  EmployeeController:56 - Entring in saveEmployee() of EmployeeController
2023-05-18 15:30:44 INFO  EmployeeController:60 - Existing from saveEmployee() of EmployeeController
2023-05-18 15:31:17 INFO  EmployeeController:34 - Entring in getEmployees() of EmployeeController
2023-05-18 15:31:17 INFO  EmployeeController:39 - Existing from getEmployees() of EmployeeController
2023-05-18 15:31:49 INFO  EmployeeController:45 - Entring in getemployee() of EmployeeController
2023-05-18 15:32:51 INFO  EmployeeController:45 - Entring in getemployee() of EmployeeController
2023-05-18 15:33:18 INFO  EmployeeController:45 - Entring in getemployee() of EmployeeController
2023-05-18 15:33:31 INFO  EmployeeController:50 - Existing from getemployee() of EmployeeController
2023-05-18 15:33:51 INFO  EmployeeController:45 - Entring in getemployee() of EmployeeController
2023-05-18 15:36:35 INFO  EmployeeController:45 - Entring in getemployee() of EmployeeController
2023-05-18 15:36:35 INFO  EmployeeController:50 - Existing from getemployee() of EmployeeController
2023-05-18 15:36:53 INFO  DepartmentController:43 - Entring in getDepartments() of DepartmentController
2023-05-18 15:36:54 INFO  DepartmentController:48 - Existing from getDepartments() of DepartmentController
2023-05-18 15:57:16 INFO  EmployeeController:34 - Entring in getEmployees() of EmployeeController
2023-05-18 15:57:16 INFO  EmployeeController:39 - Existing from getEmployees() of EmployeeController
2023-05-18 15:57:25 INFO  EmployeeController:45 - Entring in getemployee() of EmployeeController
2023-05-18 15:57:25 INFO  EmployeeController:50 - Existing from getemployee() of EmployeeController
2023-05-18 17:16:32 INFO  EmployeeController:45 - Entring in getemployee() of EmployeeController
2023-05-18 17:16:33 INFO  EmployeeController:50 - Existing from getemployee() of EmployeeController
2023-05-19 14:33:46 INFO  DepartmentController:43 - Entring in getDepartments() of DepartmentController
2023-05-19 14:33:48 INFO  DepartmentController:48 - Existing from getDepartments() of DepartmentController
2023-05-19 14:38:34 INFO  EmployeeController:34 - Entring in getEmployees() of EmployeeController
2023-05-19 14:45:36 INFO  DepartmentController:43 - Entring in getDepartments() of DepartmentController
2023-05-19 14:45:37 INFO  DepartmentController:48 - Existing from getDepartments() of DepartmentController
2023-05-19 14:45:40 INFO  EmployeeController:34 - Entring in getEmployees() of EmployeeController
2023-05-19 14:49:21 INFO  DepartmentController:43 - Entring in getDepartments() of DepartmentController
2023-05-19 14:49:23 INFO  DepartmentController:48 - Existing from getDepartments() of DepartmentController
2023-05-19 14:49:27 INFO  EmployeeController:34 - Entring in getEmployees() of EmployeeController
2023-05-19 14:49:29 INFO  EmployeeController:39 - Existing from getEmployees() of EmployeeController
2023-05-19 16:16:11 INFO  EmployeeController:56 - Entring in saveEmployee() of EmployeeController
2023-05-19 16:16:13 INFO  EmployeeController:60 - Existing from saveEmployee() of EmployeeController
2023-05-19 16:16:33 INFO  EmployeeController:34 - Entring in getEmployees() of EmployeeController
2023-05-19 16:16:35 INFO  EmployeeController:39 - Existing from getEmployees() of EmployeeController
2023-05-19 16:21:33 INFO  EmployeeController:56 - Entring in saveEmployee() of EmployeeController
2023-05-19 16:21:35 INFO  EmployeeController:60 - Existing from saveEmployee() of EmployeeController
2023-05-19 16:34:57 INFO  EmployeeController:56 - Entring in saveEmployee() of EmployeeController
2023-05-19 16:35:47 INFO  EmployeeController:60 - Existing from saveEmployee() of EmployeeController
2023-05-19 16:50:36 INFO  EmployeeController:56 - Entring in saveEmployee() of EmployeeController
2023-05-19 16:51:05 INFO  EmployeeController:60 - Existing from saveEmployee() of EmployeeController
2023-05-19 16:53:32 INFO  EmployeeController:56 - Entring in saveEmployee() of EmployeeController
2023-05-19 16:53:34 INFO  EmployeeController:60 - Existing from saveEmployee() of EmployeeController
2023-05-19 16:55:43 INFO  DepartmentController:30 - Entring in saveEmployee() of DepartmentController
2023-05-19 17:05:29 INFO  DepartmentController:43 - Entring in getDepartments() of DepartmentController
2023-05-19 17:05:30 INFO  DepartmentController:48 - Existing from getDepartments() of DepartmentController
2023-05-19 17:05:35 INFO  DepartmentController:30 - Entring in saveEmployee() of DepartmentController
2023-05-19 17:06:42 INFO  DepartmentController:30 - Entring in saveEmployee() of DepartmentController
2023-05-19 17:08:27 INFO  DepartmentController:30 - Entring in saveEmployee() of DepartmentController
2023-05-19 17:17:03 INFO  DepartmentController:30 - Entring in saveEmployee() of DepartmentController
2023-05-19 17:17:56 INFO  EmployeeController:56 - Entring in saveEmployee() of EmployeeController
2023-05-20 11:32:53 INFO  EmployeeController:45 - Entring in getemployee() of EmployeeController
2023-05-20 11:33:49 INFO  EmployeeController:34 - Entring in getEmployees() of EmployeeController
2023-05-20 11:33:50 INFO  EmployeeController:39 - Existing from getEmployees() of EmployeeController
2023-05-20 11:34:22 INFO  DepartmentController:43 - Entring in getDepartments() of DepartmentController
2023-05-20 11:34:23 INFO  DepartmentController:48 - Existing from getDepartments() of DepartmentController
2023-05-20 11:35:53 INFO  EmployeeController:34 - Entring in getEmployees() of EmployeeController
2023-05-20 11:35:55 INFO  EmployeeController:39 - Existing from getEmployees() of EmployeeController
2023-05-20 11:36:26 INFO  EmployeeController:45 - Entring in getemployee() of EmployeeController
2023-05-20 11:36:27 INFO  EmployeeController:50 - Existing from getemployee() of EmployeeController
2023-05-20 11:47:32 INFO  EmployeeController:45 - Entring in getemployee() of EmployeeController
2023-05-20 11:47:33 INFO  EmployeeController:50 - Existing from getemployee() of EmployeeController
2023-05-22 11:55:25 INFO  EmployeeController:45 - Entring in getemployee() of EmployeeController
2023-05-22 11:55:26 INFO  EmployeeController:50 - Existing from getemployee() of EmployeeController
2023-05-22 11:55:35 INFO  EmployeeController:34 - Entring in getEmployees() of EmployeeController
2023-05-22 11:55:37 INFO  EmployeeController:39 - Existing from getEmployees() of EmployeeController
2023-05-22 11:56:14 INFO  EmployeeController:56 - Entring in saveEmployee() of EmployeeController
2023-05-22 11:58:42 INFO  EmployeeController:56 - Entring in saveEmployee() of EmployeeController
2023-05-22 11:58:52 INFO  DepartmentController:43 - Entring in getDepartments() of DepartmentController
2023-05-22 11:58:53 INFO  DepartmentController:48 - Existing from getDepartments() of DepartmentController
2023-05-22 11:59:29 INFO  EmployeeController:56 - Entring in saveEmployee() of EmployeeController
2023-05-22 12:00:50 INFO  DepartmentController:43 - Entring in getDepartments() of DepartmentController
2023-05-22 12:00:51 INFO  DepartmentController:48 - Existing from getDepartments() of DepartmentController
2023-05-22 12:03:28 INFO  EmployeeController:56 - Entring in saveEmployee() of EmployeeController
2023-05-22 12:05:28 INFO  EmployeeController:56 - Entring in saveEmployee() of EmployeeController
2023-05-22 12:12:56 INFO  EmployeeController:56 - Entring in saveEmployee() of EmployeeController
2023-05-22 12:13:12 INFO  EmployeeController:60 - Existing from saveEmployee() of EmployeeController
2023-05-22 12:13:23 INFO  DepartmentController:43 - Entring in getDepartments() of DepartmentController
2023-05-22 12:13:25 INFO  DepartmentController:48 - Existing from getDepartments() of DepartmentController
2023-05-22 12:13:43 INFO  EmployeeController:34 - Entring in getEmployees() of EmployeeController
2023-05-22 12:13:44 INFO  EmployeeController:39 - Existing from getEmployees() of EmployeeController
2023-05-22 16:14:36 INFO  EmployeeController:56 - Entring in saveEmployee() of EmployeeController
2023-05-22 16:17:41 INFO  EmployeeController:56 - Entring in saveEmployee() of EmployeeController
2023-05-22 16:24:36 INFO  EmployeeController:45 - Entring in getemployee() of EmployeeController
2023-05-22 16:24:37 INFO  EmployeeController:50 - Existing from getemployee() of EmployeeController
2023-05-22 16:31:45 INFO  EmployeeController:56 - Entring in saveEmployee() of EmployeeController
2023-05-22 16:50:44 INFO  EmployeeController:56 - Entring in saveEmployee() of EmployeeController
2023-05-22 16:54:59 INFO  EmployeeController:56 - Entring in saveEmployee() of EmployeeController
2023-05-22 17:53:00 INFO  EmployeeController:56 - Entring in saveEmployee() of EmployeeController
2023-05-23 08:50:37 INFO  EmployeeController:56 - Entring in saveEmployee() of EmployeeController
2023-05-23 12:21:40 INFO  DepartmentController:30 - Entring in saveEmployee() of DepartmentController
2023-05-23 12:21:43 INFO  DepartmentController:34 - Existing from saveEmployee() of EmployeeController
2023-05-23 12:22:47 INFO  EmployeeController:56 - Entring in saveEmployee() of EmployeeController
2023-05-23 12:24:45 INFO  EmployeeController:56 - Entring in saveEmployee() of EmployeeController
2023-05-23 16:36:22 INFO  DepartmentController:43 - Entring in getDepartments() of DepartmentController
2023-05-23 16:36:29 INFO  DepartmentController:48 - Existing from getDepartments() of DepartmentController
2023-05-23 16:41:21 INFO  EmployeeController:34 - Entring in getEmployees() of EmployeeController
2023-05-23 16:41:23 INFO  EmployeeController:39 - Existing from getEmployees() of EmployeeController
2023-05-23 16:42:28 INFO  EmployeeController:56 - Entring in saveEmployee() of EmployeeController
2023-05-23 16:42:29 INFO  EmployeeController:60 - Existing from saveEmployee() of EmployeeController
2023-05-23 16:43:35 INFO  EmployeeController:56 - Entring in saveEmployee() of EmployeeController
2023-05-23 16:43:36 INFO  EmployeeController:60 - Existing from saveEmployee() of EmployeeController
2023-05-23 16:44:04 INFO  EmployeeController:34 - Entring in getEmployees() of EmployeeController
2023-05-23 16:44:05 INFO  EmployeeController:39 - Existing from getEmployees() of EmployeeController
2023-05-23 16:44:53 INFO  DepartmentController:43 - Entring in getDepartments() of DepartmentController
2023-05-23 16:44:54 INFO  DepartmentController:48 - Existing from getDepartments() of DepartmentController
2023-05-23 16:46:52 INFO  DepartmentController:43 - Entring in getDepartments() of DepartmentController
2023-05-23 16:47:56 INFO  DepartmentController:48 - Existing from getDepartments() of DepartmentController
2023-05-23 16:49:03 INFO  EmployeeController:34 - Entring in getEmployees() of EmployeeController
2023-05-23 16:49:04 INFO  EmployeeController:39 - Existing from getEmployees() of EmployeeController
2023-05-23 16:49:52 INFO  EmployeeController:45 - Entring in getemployee() of EmployeeController
2023-05-23 16:49:53 INFO  EmployeeController:50 - Existing from getemployee() of EmployeeController
2023-05-23 16:51:34 INFO  EmployeeController:83 - Entring in updateEmployee() of EmployeeController
2023-05-23 16:51:36 INFO  EmployeeController:87 - Existing from updateEmployee() of EmployeeController
2023-05-23 16:56:02 INFO  DepartmentController:30 - Entring in saveEmployee() of DepartmentController
2023-05-23 16:56:03 INFO  DepartmentController:34 - Existing from saveEmployee() of EmployeeController
2023-05-23 16:56:51 INFO  DepartmentController:43 - Entring in getDepartments() of DepartmentController
2023-05-23 16:56:53 INFO  DepartmentController:48 - Existing from getDepartments() of DepartmentController
2023-05-23 16:58:55 INFO  DepartmentController:43 - Entring in getDepartments() of DepartmentController
2023-05-23 16:58:56 INFO  DepartmentController:48 - Existing from getDepartments() of DepartmentController
2023-05-23 16:59:13 INFO  DepartmentController:30 - Entring in saveEmployee() of DepartmentController
2023-05-23 16:59:14 INFO  DepartmentController:34 - Existing from saveEmployee() of EmployeeController
2023-05-23 16:59:59 INFO  EmployeeController:56 - Entring in saveEmployee() of EmployeeController
2023-05-23 17:00:01 INFO  EmployeeController:60 - Existing from saveEmployee() of EmployeeController
2023-05-23 17:17:50 INFO  DepartmentController:43 - Entring in getDepartments() of DepartmentController
2023-05-23 17:17:51 INFO  DepartmentController:48 - Existing from getDepartments() of DepartmentController
2023-05-23 17:18:35 INFO  DepartmentController:30 - Entring in saveEmployee() of DepartmentController
2023-05-23 17:18:37 INFO  DepartmentController:34 - Existing from saveEmployee() of EmployeeController
2023-05-23 17:18:53 INFO  DepartmentController:43 - Entring in getDepartments() of DepartmentController
2023-05-23 17:18:54 INFO  DepartmentController:48 - Existing from getDepartments() of DepartmentController
2023-05-23 17:19:32 INFO  EmployeeController:34 - Entring in getEmployees() of EmployeeController
2023-05-23 17:19:33 INFO  EmployeeController:39 - Existing from getEmployees() of EmployeeController
2023-05-23 17:19:44 INFO  EmployeeController:45 - Entring in getemployee() of EmployeeController
2023-05-23 17:19:46 INFO  EmployeeController:50 - Existing from getemployee() of EmployeeController
2023-05-23 17:20:05 INFO  EmployeeController:56 - Entring in saveEmployee() of EmployeeController
2023-05-23 17:20:07 INFO  EmployeeController:60 - Existing from saveEmployee() of EmployeeController
2023-05-23 17:20:27 INFO  EmployeeController:56 - Entring in saveEmployee() of EmployeeController
2023-05-23 17:20:28 INFO  EmployeeController:60 - Existing from saveEmployee() of EmployeeController
2023-05-23 17:20:57 INFO  EmployeeController:83 - Entring in updateEmployee() of EmployeeController
2023-05-23 17:21:00 INFO  EmployeeController:87 - Existing from updateEmployee() of EmployeeController
2023-05-23 17:47:28 INFO  EmployeeController:34 - Entring in getEmployees() of EmployeeController
2023-05-23 17:47:29 INFO  EmployeeController:39 - Existing from getEmployees() of EmployeeController
2023-05-23 17:47:40 INFO  EmployeeController:45 - Entring in getemployee() of EmployeeController
2023-05-23 17:47:41 INFO  EmployeeController:50 - Existing from getemployee() of EmployeeController
2023-05-23 17:48:17 INFO  EmployeeController:56 - Entring in saveEmployee() of EmployeeController
2023-05-23 17:48:18 INFO  EmployeeController:60 - Existing from saveEmployee() of EmployeeController
2023-05-23 17:48:52 INFO  EmployeeController:45 - Entring in getemployee() of EmployeeController
2023-05-23 17:48:54 INFO  EmployeeController:50 - Existing from getemployee() of EmployeeController
2023-05-23 17:49:22 INFO  EmployeeController:70 - Entring in deleteEmployee() of EmployeeController
2023-05-23 17:49:24 INFO  EmployeeController:73 - Existing from deleteEmployee() of EmployeeController
2023-05-23 17:51:08 INFO  EmployeeController:83 - Entring in updateEmployee() of EmployeeController
2023-05-23 17:51:10 INFO  EmployeeController:87 - Existing from updateEmployee() of EmployeeController
2023-05-23 17:53:40 INFO  DepartmentController:43 - Entring in getDepartments() of DepartmentController
2023-05-23 17:53:41 INFO  DepartmentController:48 - Existing from getDepartments() of DepartmentController
2023-05-23 17:54:25 INFO  DepartmentController:30 - Entring in saveEmployee() of DepartmentController
2023-05-23 17:54:26 INFO  DepartmentController:34 - Existing from saveEmployee() of EmployeeController
2023-05-23 22:36:22 INFO  EmployeeController:45 - Entring in getemployee() of EmployeeController
2023-05-23 22:36:24 INFO  EmployeeController:50 - Existing from getemployee() of EmployeeController
2023-05-26 13:28:01 INFO  EmployeeController:34 - Entring in getEmployees() of EmployeeController
2023-05-26 13:28:05 INFO  EmployeeController:39 - Existing from getEmployees() of EmployeeController
2023-05-26 13:29:45 INFO  EmployeeController:45 - Entring in getemployee() of EmployeeController
2023-05-26 13:29:46 INFO  EmployeeController:50 - Existing from getemployee() of EmployeeController
2023-05-30 15:46:26 INFO  EmployeeController:34 - Entring in getEmployees() of EmployeeController
2023-05-30 15:46:27 INFO  EmployeeController:39 - Existing from getEmployees() of EmployeeController
2023-05-30 15:49:37 INFO  DepartmentController:43 - Entring in getDepartments() of DepartmentController
2023-05-30 15:49:39 INFO  DepartmentController:48 - Existing from getDepartments() of DepartmentController
2023-06-05 12:49:51 INFO  EmployeeController:34 - Entring in getEmployees() of EmployeeController
2023-06-05 12:49:53 INFO  EmployeeController:39 - Existing from getEmployees() of EmployeeController
2023-06-05 13:27:34 INFO  EmployeeController:34 - Entring in getEmployees() of EmployeeController
2023-06-05 13:27:35 INFO  EmployeeController:39 - Existing from getEmployees() of EmployeeController
2023-06-05 13:50:16 INFO  EmployeeController:34 - Entring in getEmployees() of EmployeeController
2023-06-05 13:50:17 INFO  EmployeeController:39 - Existing from getEmployees() of EmployeeController
2023-06-05 13:50:39 INFO  EmployeeController:45 - Entring in getemployee() of EmployeeController
2023-06-05 13:50:40 INFO  EmployeeController:50 - Existing from getemployee() of EmployeeController
2023-06-05 14:23:33 INFO  EmployeeController:45 - Entring in getemployee() of EmployeeController
2023-06-05 14:23:34 INFO  EmployeeController:50 - Existing from getemployee() of EmployeeController
2023-06-05 14:44:13 INFO  EmployeeController:46 - Entring in getemployee() of EmployeeController
2023-06-05 14:44:15 INFO  EmployeeController:52 - Existing from getemployee() of EmployeeController
2023-06-05 14:44:24 INFO  EmployeeController:46 - Entring in getemployee() of EmployeeController
2023-06-05 14:44:26 INFO  EmployeeController:52 - Existing from getemployee() of EmployeeController
2023-06-05 14:44:30 INFO  EmployeeController:46 - Entring in getemployee() of EmployeeController
2023-06-05 14:45:17 INFO  EmployeeController:46 - Entring in getemployee() of EmployeeController
2023-06-05 14:45:28 INFO  EmployeeController:46 - Entring in getemployee() of EmployeeController
2023-06-05 14:45:46 INFO  EmployeeController:46 - Entring in getemployee() of EmployeeController
2023-06-05 14:46:02 INFO  EmployeeController:46 - Entring in getemployee() of EmployeeController
2023-06-05 14:46:47 INFO  EmployeeController:46 - Entring in getemployee() of EmployeeController
2023-06-05 14:50:34 INFO  EmployeeController:46 - Entring in getemployee() of EmployeeController
2023-06-05 14:51:22 INFO  EmployeeController:46 - Entring in getemployee() of EmployeeController
2023-06-05 15:02:45 INFO  EmployeeController:38 - Entring in getEmployees() of EmployeeController
2023-06-05 15:02:46 INFO  EmployeeController:43 - Existing from getEmployees() of EmployeeController
2023-06-05 15:03:28 INFO  EmployeeController:38 - Entring in getEmployees() of EmployeeController
2023-06-05 15:03:29 INFO  EmployeeController:43 - Existing from getEmployees() of EmployeeController
2023-06-05 15:04:17 INFO  EmployeeController:38 - Entring in getEmployees() of EmployeeController
2023-06-05 15:04:18 INFO  EmployeeController:43 - Existing from getEmployees() of EmployeeController
2023-06-05 15:05:59 INFO  EmployeeController:38 - Entring in getEmployees() of EmployeeController
2023-06-05 15:06:01 INFO  EmployeeController:43 - Existing from getEmployees() of EmployeeController
2023-06-05 15:08:29 INFO  EmployeeController:38 - Entring in getEmployees() of EmployeeController
2023-06-05 15:08:30 INFO  EmployeeController:43 - Existing from getEmployees() of EmployeeController
2023-06-05 16:01:52 INFO  EmployeeController:38 - Entring in getEmployees() of EmployeeController
2023-06-05 16:01:55 INFO  EmployeeController:43 - Existing from getEmployees() of EmployeeController
2023-06-05 16:02:50 INFO  EmployeeController:38 - Entring in getEmployees() of EmployeeController
2023-06-05 16:02:51 INFO  EmployeeController:43 - Existing from getEmployees() of EmployeeController
2023-06-05 16:03:49 INFO  EmployeeController:38 - Entring in getEmployees() of EmployeeController
2023-06-05 16:03:50 INFO  EmployeeController:43 - Existing from getEmployees() of EmployeeController
2023-06-05 16:21:37 INFO  EmployeeController:38 - Entring in getEmployees() of EmployeeController
2023-06-05 16:21:38 INFO  EmployeeController:43 - Existing from getEmployees() of EmployeeController
2023-06-05 16:23:10 INFO  EmployeeController:38 - Entring in getEmployees() of EmployeeController
2023-06-05 16:23:12 INFO  EmployeeController:43 - Existing from getEmployees() of EmployeeController
2023-06-05 16:27:19 INFO  EmployeeController:38 - Entring in getEmployees() of EmployeeController
2023-06-05 16:27:20 INFO  EmployeeController:43 - Existing from getEmployees() of EmployeeController
2023-06-05 16:29:25 INFO  EmployeeController:38 - Entring in getEmployees() of EmployeeController
2023-06-05 16:29:26 INFO  EmployeeController:43 - Existing from getEmployees() of EmployeeController
2023-06-05 16:30:48 INFO  EmployeeController:38 - Entring in getEmployees() of EmployeeController
2023-06-05 16:30:50 INFO  EmployeeController:43 - Existing from getEmployees() of EmployeeController
2023-06-05 16:32:13 INFO  EmployeeController:38 - Entring in getEmployees() of EmployeeController
2023-06-05 16:32:14 INFO  EmployeeController:43 - Existing from getEmployees() of EmployeeController
2023-06-05 16:35:15 INFO  EmployeeController:38 - Entring in getEmployees() of EmployeeController
2023-06-05 16:35:16 INFO  EmployeeController:43 - Existing from getEmployees() of EmployeeController
2023-06-05 16:35:41 INFO  EmployeeController:38 - Entring in getEmployees() of EmployeeController
2023-06-05 16:35:42 INFO  EmployeeController:43 - Existing from getEmployees() of EmployeeController
2023-06-05 16:35:53 INFO  EmployeeController:38 - Entring in getEmployees() of EmployeeController
2023-06-05 16:35:54 INFO  EmployeeController:43 - Existing from getEmployees() of EmployeeController
2023-06-05 16:39:45 INFO  EmployeeController:38 - Entring in getEmployees() of EmployeeController
2023-06-05 16:39:46 INFO  EmployeeController:43 - Existing from getEmployees() of EmployeeController
2023-06-05 16:39:58 INFO  EmployeeController:38 - Entring in getEmployees() of EmployeeController
2023-06-05 16:40:00 INFO  EmployeeController:43 - Existing from getEmployees() of EmployeeController
2023-06-05 16:58:17 INFO  EmployeeController:38 - Entring in getEmployees() of EmployeeController
2023-06-05 16:58:19 INFO  EmployeeController:43 - Existing from getEmployees() of EmployeeController
2023-06-05 16:59:35 INFO  EmployeeController:38 - Entring in getEmployees() of EmployeeController
2023-06-05 16:59:49 INFO  EmployeeController:43 - Existing from getEmployees() of EmployeeController
2023-06-05 17:22:37 INFO  EmployeeController:38 - Entring in getEmployees() of EmployeeController
2023-06-05 17:22:45 INFO  EmployeeController:43 - Existing from getEmployees() of EmployeeController
2023-06-05 17:28:11 INFO  EmployeeController:38 - Entring in getEmployees() of EmployeeController
2023-06-05 17:28:14 INFO  EmployeeController:43 - Existing from getEmployees() of EmployeeController
2023-06-05 17:45:37 INFO  EmployeeController:49 - Entring in getemployee() of EmployeeController
2023-06-05 17:45:38 INFO  EmployeeController:55 - Existing from getemployee() of EmployeeController
2023-06-05 17:49:27 INFO  EmployeeController:49 - Entring in getemployee() of EmployeeController
2023-06-05 17:51:10 INFO  EmployeeController:49 - Entring in getemployee() of EmployeeController
2023-06-05 17:52:05 INFO  EmployeeController:49 - Entring in getemployee() of EmployeeController
2023-06-05 17:52:39 INFO  EmployeeController:49 - Entring in getemployee() of EmployeeController
2023-06-05 22:39:33 INFO  EmployeeController:46 - Entring in getEmployees() of EmployeeController
2023-06-05 22:39:35 INFO  EmployeeController:51 - Existing from getEmployees() of EmployeeController
2023-06-05 22:50:38 INFO  EmployeeController:46 - Entring in getEmployees() of EmployeeController
2023-06-05 22:50:40 INFO  EmployeeController:51 - Existing from getEmployees() of EmployeeController
2023-06-05 22:53:16 INFO  EmployeeController:46 - Entring in getEmployees() of EmployeeController
2023-06-05 22:53:17 INFO  EmployeeController:51 - Existing from getEmployees() of EmployeeController
2023-06-06 12:14:29 INFO  EmployeeController:64 - Entring in getemployee() of EmployeeController
2023-06-06 12:14:31 INFO  EmployeeController:70 - Existing from getemployee() of EmployeeController
2023-06-06 12:14:37 INFO  EmployeeController:64 - Entring in getemployee() of EmployeeController
2023-06-06 12:33:16 INFO  EmployeeController:64 - Entring in getemployee() of EmployeeController
2023-06-06 12:33:38 INFO  EmployeeController:64 - Entring in getemployee() of EmployeeController
2023-06-06 12:33:39 INFO  EmployeeController:70 - Existing from getemployee() of EmployeeController
2023-06-06 13:41:36 INFO  EmployeeController:64 - Entring in getemployee() of EmployeeController
2023-06-06 13:41:37 INFO  EmployeeController:70 - Existing from getemployee() of EmployeeController
2023-06-06 13:41:42 INFO  EmployeeController:64 - Entring in getemployee() of EmployeeController
2023-06-06 13:49:38 INFO  EmployeeController:62 - Entring in getemployee() of EmployeeController
2023-06-06 13:50:25 INFO  EmployeeController:62 - Entring in getemployee() of EmployeeController
2023-06-06 13:50:26 INFO  EmployeeController:68 - Existing from getemployee() of EmployeeController
2023-06-06 13:52:09 INFO  EmployeeController:62 - Entring in getemployee() of EmployeeController
2023-06-06 13:52:11 INFO  EmployeeController:62 - Entring in getemployee() of EmployeeController
2023-06-06 14:19:22 INFO  EmployeeController:62 - Entring in getemployee() of EmployeeController
2023-06-06 14:19:23 INFO  EmployeeController:68 - Existing from getemployee() of EmployeeController
2023-06-06 14:21:53 INFO  EmployeeController:45 - Entring in getEmployees() of EmployeeController
2023-06-06 14:21:55 INFO  EmployeeController:50 - Existing from getEmployees() of EmployeeController
2023-06-06 14:22:54 INFO  EmployeeController:62 - Entring in getemployee() of EmployeeController
2023-06-06 14:35:23 INFO  EmployeeController:62 - Entring in getemployee() of EmployeeController
2023-06-06 14:47:48 INFO  EmployeeController:62 - Entring in getemployee() of EmployeeController
2023-06-06 14:49:47 INFO  EmployeeController:62 - Entring in getemployee() of EmployeeController
2023-06-06 16:22:34 INFO  EmployeeController:45 - Entring in getEmployees() of EmployeeController
2023-06-06 16:22:36 INFO  EmployeeController:50 - Existing from getEmployees() of EmployeeController
2023-06-06 17:25:10 INFO  EmployeeController:45 - Entring in getEmployees() of EmployeeController
2023-06-06 17:25:11 INFO  EmployeeController:50 - Existing from getEmployees() of EmployeeController
2023-06-06 17:27:46 INFO  EmployeeController:62 - Entring in getemployee() of EmployeeController
2023-06-06 17:27:54 INFO  EmployeeController:62 - Entring in getemployee() of EmployeeController
2023-06-06 17:27:54 INFO  EmployeeController:68 - Existing from getemployee() of EmployeeController
2023-06-06 17:32:19 INFO  EmployeeController:62 - Entring in getemployee() of EmployeeController
2023-06-06 17:32:19 INFO  EmployeeController:68 - Existing from getemployee() of EmployeeController
2023-06-06 17:43:34 INFO  EmployeeController:62 - Entring in getemployee() of EmployeeController
2023-06-06 17:43:34 INFO  EmployeeController:68 - Existing from getemployee() of EmployeeController
2023-06-06 17:44:27 INFO  EmployeeController:62 - Entring in getemployee() of EmployeeController
2023-06-06 17:44:28 INFO  EmployeeController:68 - Existing from getemployee() of EmployeeController
2023-06-06 19:21:50 INFO  EmployeeController:45 - Entring in getEmployees() of EmployeeController
2023-06-06 19:21:52 INFO  EmployeeController:50 - Existing from getEmployees() of EmployeeController
2023-06-06 19:21:59 INFO  EmployeeController:45 - Entring in getEmployees() of EmployeeController
2023-06-06 19:22:01 INFO  EmployeeController:50 - Existing from getEmployees() of EmployeeController
2023-06-06 19:22:27 INFO  EmployeeController:62 - Entring in getemployee() of EmployeeController
2023-06-06 19:22:28 INFO  EmployeeController:68 - Existing from getemployee() of EmployeeController
2023-06-06 19:22:35 INFO  EmployeeController:62 - Entring in getemployee() of EmployeeController
2023-06-06 19:36:47 INFO  EmployeeController:62 - Entring in getemployee() of EmployeeController
2023-06-07 15:01:12 INFO  EmployeeController:45 - Entring in getEmployees() of EmployeeController
2023-06-07 15:01:14 INFO  EmployeeController:50 - Existing from getEmployees() of EmployeeController
2023-06-07 15:01:23 INFO  EmployeeController:62 - Entring in getemployee() of EmployeeController
2023-06-07 15:01:27 INFO  EmployeeController:62 - Entring in getemployee() of EmployeeController
2023-06-07 15:01:28 INFO  EmployeeController:68 - Existing from getemployee() of EmployeeController
2023-06-07 15:02:03 INFO  EmployeeController:82 - Entring in saveEmployee() of EmployeeController
2023-06-07 15:02:04 INFO  EmployeeController:86 - Existing from saveEmployee() of EmployeeController
2023-06-07 15:02:11 INFO  EmployeeController:45 - Entring in getEmployees() of EmployeeController
2023-06-07 15:02:12 INFO  EmployeeController:50 - Existing from getEmployees() of EmployeeController
2023-06-07 15:02:28 INFO  EmployeeController:62 - Entring in getemployee() of EmployeeController
2023-06-07 15:02:28 INFO  EmployeeController:68 - Existing from getemployee() of EmployeeController
2023-06-07 15:03:04 INFO  EmployeeController:100 - Entring in deleteEmployee() of EmployeeController
2023-06-07 15:03:06 INFO  EmployeeController:103 - Existing from deleteEmployee() of EmployeeController
2023-06-07 15:03:17 INFO  EmployeeController:45 - Entring in getEmployees() of EmployeeController
2023-06-07 15:03:19 INFO  EmployeeController:50 - Existing from getEmployees() of EmployeeController
2023-06-07 15:03:45 INFO  EmployeeController:100 - Entring in deleteEmployee() of EmployeeController
2023-06-07 15:03:48 INFO  EmployeeController:103 - Existing from deleteEmployee() of EmployeeController
2023-06-07 15:07:42 INFO  EmployeeController:82 - Entring in saveEmployee() of EmployeeController
2023-06-07 15:07:44 INFO  EmployeeController:86 - Existing from saveEmployee() of EmployeeController
2023-06-07 15:07:53 INFO  EmployeeController:62 - Entring in getemployee() of EmployeeController
2023-06-07 15:07:53 INFO  EmployeeController:68 - Existing from getemployee() of EmployeeController
2023-06-07 15:08:04 INFO  EmployeeController:117 - Entring in updateEmployee() of EmployeeController
2023-06-07 15:08:06 INFO  EmployeeController:121 - Existing from updateEmployee() of EmployeeController
2023-06-07 15:08:12 INFO  EmployeeController:117 - Entring in updateEmployee() of EmployeeController
2023-06-07 15:08:14 INFO  EmployeeController:121 - Existing from updateEmployee() of EmployeeController
2023-06-07 15:08:20 INFO  EmployeeController:62 - Entring in getemployee() of EmployeeController
2023-06-07 15:08:21 INFO  EmployeeController:68 - Existing from getemployee() of EmployeeController
2023-06-07 15:09:34 INFO  DepartmentController:43 - Entring in getDepartments() of DepartmentController
2023-06-07 15:09:36 INFO  DepartmentController:48 - Existing from getDepartments() of DepartmentController
2023-06-07 15:28:30 INFO  EmployeeController:45 - Entring in getEmployees() of EmployeeController
2023-06-07 15:28:31 INFO  EmployeeController:50 - Existing from getEmployees() of EmployeeController
2023-06-07 16:37:10 INFO  EmployeeController:45 - Entring in getEmployees() of EmployeeController
2023-06-07 16:37:12 INFO  EmployeeController:50 - Existing from getEmployees() of EmployeeController
2023-06-07 16:38:39 INFO  EmployeeController:62 - Entring in getemployee() of EmployeeController
2023-06-07 16:38:40 INFO  EmployeeController:68 - Existing from getemployee() of EmployeeController
2023-06-07 16:40:34 INFO  EmployeeController:62 - Entring in getemployee() of EmployeeController
2023-06-08 16:48:59 INFO  EmployeeController:46 - Entring in getEmployees() of EmployeeController
2023-06-08 16:49:00 INFO  EmployeeController:51 - Existing from getEmployees() of EmployeeController
2023-06-08 16:50:05 INFO  EmployeeController:46 - Entring in getEmployees() of EmployeeController
2023-06-08 16:50:06 INFO  EmployeeController:51 - Existing from getEmployees() of EmployeeController
2023-06-08 16:53:16 INFO  EmployeeController:46 - Entring in getEmployees() of EmployeeController
2023-06-08 16:53:18 INFO  EmployeeController:51 - Existing from getEmployees() of EmployeeController
2023-06-08 17:12:35 INFO  EmployeeController:46 - Entring in getEmployees() of EmployeeController
2023-06-08 17:12:37 INFO  EmployeeController:51 - Existing from getEmployees() of EmployeeController
2023-06-08 19:10:09 INFO  EmployeeController:46 - Entring in getEmployees() of EmployeeController
2023-06-08 19:10:10 INFO  EmployeeController:51 - Existing from getEmployees() of EmployeeController
2023-06-08 19:59:05 INFO  EmployeeController:46 - Entring in getEmployees() of EmployeeController
2023-06-08 19:59:06 INFO  EmployeeController:51 - Existing from getEmployees() of EmployeeController
2023-06-09 14:40:19 INFO  EmployeeController:63 - Entring in getemployee() of EmployeeController
2023-06-09 14:40:20 INFO  EmployeeController:69 - Existing from getemployee() of EmployeeController
2023-06-09 14:42:44 INFO  EmployeeController:63 - Entring in getemployee() of EmployeeController
2023-06-09 14:42:45 INFO  EmployeeController:69 - Existing from getemployee() of EmployeeController
2023-06-09 14:50:17 INFO  EmployeeController:63 - Entring in getemployee() of EmployeeController
2023-06-09 14:50:18 INFO  EmployeeController:69 - Existing from getemployee() of EmployeeController
2023-06-09 14:50:39 INFO  EmployeeController:63 - Entring in getemployee() of EmployeeController
2023-06-09 14:55:36 INFO  EmployeeController:63 - Entring in getemployee() of EmployeeController
2023-06-09 14:55:43 INFO  EmployeeController:63 - Entring in getemployee() of EmployeeController
2023-06-09 14:55:43 INFO  EmployeeController:69 - Existing from getemployee() of EmployeeController
2023-06-09 14:59:40 INFO  EmployeeController:63 - Entring in getemployee() of EmployeeController
2023-06-09 14:59:41 INFO  EmployeeController:69 - Existing from getemployee() of EmployeeController
2023-06-09 15:01:31 INFO  EmployeeController:63 - Entring in getemployee() of EmployeeController
2023-06-09 15:01:32 INFO  EmployeeController:69 - Existing from getemployee() of EmployeeController
2023-06-09 15:03:49 INFO  EmployeeController:63 - Entring in getemployee() of EmployeeController
2023-06-09 15:03:50 INFO  EmployeeController:69 - Existing from getemployee() of EmployeeController
2023-06-09 15:06:06 INFO  EmployeeController:63 - Entring in getemployee() of EmployeeController
2023-06-09 15:06:06 INFO  EmployeeController:69 - Existing from getemployee() of EmployeeController
2023-06-09 15:06:12 INFO  EmployeeController:63 - Entring in getemployee() of EmployeeController
2023-06-09 15:06:13 INFO  EmployeeController:69 - Existing from getemployee() of EmployeeController
2023-06-09 15:06:27 INFO  EmployeeController:46 - Entring in getEmployees() of EmployeeController
2023-06-09 15:06:30 INFO  EmployeeController:51 - Existing from getEmployees() of EmployeeController
2023-06-09 15:10:49 INFO  EmployeeController:46 - Entring in getEmployees() of EmployeeController
2023-06-09 15:10:50 INFO  EmployeeController:51 - Existing from getEmployees() of EmployeeController
2023-06-09 15:11:06 INFO  EmployeeController:63 - Entring in getemployee() of EmployeeController
2023-06-09 15:11:07 INFO  EmployeeController:69 - Existing from getemployee() of EmployeeController
2023-06-09 15:14:44 INFO  EmployeeController:63 - Entring in getemployee() of EmployeeController
2023-06-09 15:14:44 INFO  EmployeeController:69 - Existing from getemployee() of EmployeeController
2023-06-09 15:20:03 INFO  EmployeeController:63 - Entring in getemployee() of EmployeeController
2023-06-09 15:20:03 INFO  EmployeeController:69 - Existing from getemployee() of EmployeeController
2023-06-09 15:20:38 INFO  EmployeeController:46 - Entring in getEmployees() of EmployeeController
2023-06-09 15:20:40 INFO  EmployeeController:51 - Existing from getEmployees() of EmployeeController
2023-06-09 15:34:44 INFO  EmployeeController:63 - Entring in getemployee() of EmployeeController
2023-06-09 15:34:45 INFO  EmployeeController:69 - Existing from getemployee() of EmployeeController
2023-06-09 15:45:56 INFO  EmployeeController:63 - Entring in getemployee() of EmployeeController
2023-06-09 15:45:57 INFO  EmployeeController:69 - Existing from getemployee() of EmployeeController
2023-06-09 15:46:06 INFO  EmployeeController:46 - Entring in getEmployees() of EmployeeController
2023-06-09 15:46:07 INFO  EmployeeController:51 - Existing from getEmployees() of EmployeeController
2023-06-09 16:09:22 INFO  AuthFilter:39 - Token is valid
2023-06-09 16:09:22 INFO  EmployeeController:63 - Entring in getemployee() of EmployeeController
2023-06-09 16:09:23 INFO  EmployeeController:69 - Existing from getemployee() of EmployeeController
2023-06-09 16:10:29 INFO  AuthFilter:39 - Token is valid
2023-06-09 16:10:29 INFO  EmployeeController:63 - Entring in getemployee() of EmployeeController
2023-06-09 16:10:29 INFO  EmployeeController:69 - Existing from getemployee() of EmployeeController
2023-06-09 16:13:12 INFO  AuthFilter:39 - Token is valid
2023-06-09 16:13:12 INFO  EmployeeController:63 - Entring in getemployee() of EmployeeController
2023-06-09 16:13:12 INFO  EmployeeController:69 - Existing from getemployee() of EmployeeController
2023-06-09 16:14:14 INFO  AuthFilter:42 - Token is not valid
2023-06-09 16:29:12 INFO  AuthFilter:43 - Token is not valid
2023-06-09 16:31:48 INFO  AuthFilter:40 - Token is valid
2023-06-09 16:31:58 INFO  EmployeeController:63 - Entring in getemployee() of EmployeeController
2023-06-09 16:31:58 INFO  EmployeeController:69 - Existing from getemployee() of EmployeeController
2023-06-09 16:32:32 INFO  AuthFilter:43 - Token is not valid
2023-06-09 16:34:08 INFO  AuthFilter:40 - Token is valid
2023-06-09 16:34:09 INFO  EmployeeController:63 - Entring in getemployee() of EmployeeController
2023-06-09 16:43:50 INFO  AuthFilter:40 - Token is valid
2023-06-09 16:43:50 INFO  EmployeeController:46 - Entring in getEmployees() of EmployeeController
2023-06-09 16:43:52 INFO  EmployeeController:51 - Existing from getEmployees() of EmployeeController
2023-06-09 16:44:50 INFO  AuthFilter:43 - Token is not valid
2023-06-09 16:45:29 INFO  AuthFilter:40 - Token is valid
2023-06-09 16:45:29 INFO  EmployeeController:63 - Entring in getemployee() of EmployeeController
2023-06-12 14:26:52 INFO  AuthFilter:39 - Token is valid
2023-06-12 14:26:52 INFO  EmployeeController:46 - Entring in getEmployees() of EmployeeController
2023-06-12 14:26:55 INFO  EmployeeController:51 - Existing from getEmployees() of EmployeeController
2023-06-12 14:27:06 INFO  AuthFilter:39 - Token is valid
2023-06-12 14:27:06 INFO  EmployeeController:63 - Entring in getemployee() of EmployeeController
2023-06-12 14:27:12 INFO  AuthFilter:39 - Token is valid
2023-06-12 14:27:12 INFO  EmployeeController:63 - Entring in getemployee() of EmployeeController
2023-06-12 14:27:13 INFO  EmployeeController:69 - Existing from getemployee() of EmployeeController
2023-06-12 16:03:09 INFO  EmployeeController:46 - Entring in getEmployees() of EmployeeController
2023-06-12 16:03:11 INFO  EmployeeController:51 - Existing from getEmployees() of EmployeeController
2023-06-12 16:03:49 INFO  EmployeeController:63 - Entring in getemployee() of EmployeeController
2023-06-12 16:03:50 INFO  EmployeeController:69 - Existing from getemployee() of EmployeeController
2023-06-12 16:17:09 INFO  EmployeeController:63 - Entring in getemployee() of EmployeeController
2023-06-12 16:17:10 INFO  EmployeeController:69 - Existing from getemployee() of EmployeeController
2023-06-12 16:17:59 INFO  EmployeeController:63 - Entring in getemployee() of EmployeeController
2023-06-14 23:20:25 INFO  AuthFilter:44 - Token is not valid
2023-06-14 23:23:44 INFO  AuthFilter:44 - Token is not valid
2023-06-14 23:26:10 INFO  AuthFilter:41 - Token is valid
2023-06-14 23:26:10 INFO  EmployeeController:69 - Entring in getemployee() of EmployeeController
2023-06-14 23:26:11 INFO  EmployeeController:75 - Existing from getemployee() of EmployeeController
2023-06-14 23:29:51 INFO  AuthFilter:41 - Token is valid
2023-06-14 23:29:51 INFO  EmployeeController:72 - Entring in getemployee() of EmployeeController
2023-06-14 23:29:52 INFO  EmployeeController:78 - Existing from getemployee() of EmployeeController
2023-06-14 23:30:01 INFO  AuthFilter:41 - Token is valid
2023-06-14 23:30:01 INFO  EmployeeController:72 - Entring in getemployee() of EmployeeController
2023-06-14 23:30:02 INFO  EmployeeController:78 - Existing from getemployee() of EmployeeController
2023-06-14 23:30:18 INFO  AuthFilter:41 - Token is valid
2023-06-14 23:30:18 INFO  EmployeeController:51 - Entring in getEmployees() of EmployeeController
2023-06-14 23:30:20 INFO  EmployeeController:57 - Existing from getEmployees() of EmployeeController
2023-06-14 23:32:08 INFO  AuthFilter:41 - Token is valid
2023-06-14 23:32:08 INFO  EmployeeController:95 - Entring in saveEmployee() of EmployeeController
2023-06-14 23:32:10 INFO  EmployeeController:99 - Existing from saveEmployee() of EmployeeController
2023-06-14 23:32:28 INFO  AuthFilter:41 - Token is valid
2023-06-14 23:32:28 INFO  EmployeeController:72 - Entring in getemployee() of EmployeeController
2023-06-14 23:32:29 INFO  EmployeeController:78 - Existing from getemployee() of EmployeeController
2023-06-14 23:32:59 INFO  AuthFilter:41 - Token is valid
2023-06-14 23:32:59 INFO  EmployeeController:116 - Entring in deleteEmployee() of EmployeeController
2023-06-14 23:33:01 INFO  EmployeeController:119 - Existing from deleteEmployee() of EmployeeController
2023-06-14 23:33:15 INFO  AuthFilter:41 - Token is valid
2023-06-14 23:33:15 INFO  EmployeeController:72 - Entring in getemployee() of EmployeeController
2023-06-14 23:33:15 INFO  EmployeeController:78 - Existing from getemployee() of EmployeeController
2023-06-14 23:34:31 INFO  AuthFilter:41 - Token is valid
2023-06-14 23:34:31 INFO  EmployeeController:136 - Entring in updateEmployee() of EmployeeController
2023-06-14 23:34:33 INFO  EmployeeController:140 - Existing from updateEmployee() of EmployeeController
2023-06-14 23:34:49 INFO  AuthFilter:41 - Token is valid
2023-06-14 23:34:49 INFO  EmployeeController:72 - Entring in getemployee() of EmployeeController
2023-06-14 23:34:49 INFO  EmployeeController:78 - Existing from getemployee() of EmployeeController
2023-06-15 11:17:33 INFO  AuthFilter:41 - Token is valid
2023-06-15 11:17:33 INFO  EmployeeController:72 - Entring in getemployee() of EmployeeController
2023-06-15 11:17:35 INFO  EmployeeController:78 - Existing from getemployee() of EmployeeController
2023-06-15 11:22:55 INFO  AuthFilter:44 - Token is not valid
